#
# There is insufficient memory for the Java Runtime Environment to continue.
# Native memory allocation (malloc) failed to allocate 1755216 bytes for Chunk::new
# Possible reasons:
#   The system is out of physical RAM or swap space
#   The process is running with CompressedOops enabled, and the Java Heap may be blocking the growth of the native heap
# Possible solutions:
#   Reduce memory load on the system
#   Increase physical memory or swap space
#   Check if swap backing store is full
#   Decrease Java heap size (-Xmx/-Xms)
#   Decrease number of Java threads
#   Decrease Java thread stack sizes (-Xss)
#   Set larger code cache with -XX:ReservedCodeCacheSize=
#   JVM is running with Unscaled Compressed Oops mode in which the Java heap is
#     placed in the first 4GB address space. The Java Heap base address is the
#     maximum limit for the native heap growth. Please use -XX:HeapBaseMinAddress
#     to set the Java Heap base and to place the Java Heap above 4GB virtual address.
# This output file may be truncated or incomplete.
#
#  Out of Memory Error (./src/hotspot/share/memory/arena.cpp:197), pid=24132, tid=19204
#
# JRE version: OpenJDK Runtime Environment (11.0.11+9) (build 11.0.11+9-b60-7590822)
# Java VM: OpenJDK 64-Bit Server VM (11.0.11+9-b60-7590822, mixed mode, tiered, compressed oops, g1 gc, windows-amd64)
# No core dump will be written. Minidumps are not enabled by default on client versions of Windows
#

---------------  S U M M A R Y ------------

Command Line: --add-opens=java.base/java.util=ALL-UNNAMED --add-opens=java.base/java.lang=ALL-UNNAMED --add-opens=java.base/java.lang.invoke=ALL-UNNAMED --add-opens=java.base/java.util=ALL-UNNAMED --add-opens=java.prefs/java.util.prefs=ALL-UNNAMED --add-opens=java.prefs/java.util.prefs=ALL-UNNAMED --add-opens=java.base/java.nio.charset=ALL-UNNAMED --add-opens=java.base/java.net=ALL-UNNAMED --add-opens=java.base/java.util.concurrent.atomic=ALL-UNNAMED -Xmx2048m -Dfile.encoding=UTF-8 -Duser.country=US -Duser.language=en -Duser.variant org.gradle.launcher.daemon.bootstrap.GradleDaemon 7.2

Host: Intel(R) Core(TM) i5-9300H CPU @ 2.40GHz, 8 cores, 3G,  Windows 10 , 64 bit Build 19041 (10.0.19041.1466)
Time: Thu Feb 10 02:58:37 2022 Malay Peninsula Standard Time elapsed time: 12.394620 seconds (0d 0h 0m 12s)

---------------  T H R E A D  ---------------

Current thread (0x0000026076fb7000):  JavaThread "C2 CompilerThread0" daemon [_thread_in_native, id=19204, stack(0x00000078fb900000,0x00000078fba00000)]


Current CompileTask:
C2:  12394 5064   !   4       jdk.internal.loader.Resource::getBytes (242 bytes)

Stack: [0x00000078fb900000,0x00000078fba00000]
Native frames: (J=compiled Java code, j=interpreted, Vv=VM code, C=native code)
V  [jvm.dll+0x5f214a]
V  [jvm.dll+0x726fb5]
V  [jvm.dll+0x7285cd]
V  [jvm.dll+0x728c83]
V  [jvm.dll+0x243278]
V  [jvm.dll+0xbc53c]
V  [jvm.dll+0xbca3c]
V  [jvm.dll+0x353e7d]
V  [jvm.dll+0x321893]
V  [jvm.dll+0x320d8a]
V  [jvm.dll+0x1fc1e2]
V  [jvm.dll+0x1fb3d4]
V  [jvm.dll+0x183d6c]
V  [jvm.dll+0x209a57]
V  [jvm.dll+0x2082a1]
V  [jvm.dll+0x6ef58f]
V  [jvm.dll+0x6e80b5]
V  [jvm.dll+0x5f1036]
C  [ucrtbase.dll+0x21bb2]
C  [KERNEL32.DLL+0x17034]
C  [ntdll.dll+0x52651]


---------------  P R O C E S S  ---------------

Threads class SMR info:
_java_thread_list=0x000002607dbd4af0, length=111, elements={
0x000002605cb33000, 0x0000026076f96000, 0x0000026076f9f800, 0x0000026076fac800,
0x0000026076fae800, 0x0000026076fb3800, 0x0000026076fb7000, 0x0000026076fbd000,
0x0000026076fde800, 0x0000026077a8b000, 0x00000260791ae000, 0x0000026078e93000,
0x00000260794a0800, 0x00000260787cb800, 0x0000026079137800, 0x00000260789b1000,
0x0000026077d1d800, 0x0000026077d1e000, 0x0000026079406000, 0x00000260793ee000,
0x00000260793ef800, 0x00000260793ee800, 0x00000260793f1000, 0x00000260793f0800,
0x00000260793eb800, 0x00000260793f2000, 0x00000260793ed000, 0x00000260793ec000,
0x000002607993f000, 0x0000026079940800, 0x000002607993f800, 0x000002607993e000,
0x0000026079941800, 0x0000026079942000, 0x000002607993d000, 0x0000026079943000,
0x0000026079948800, 0x0000026079947000, 0x0000026079943800, 0x0000026079945800,
0x0000026079944800, 0x000002607994a800, 0x000002607994b000, 0x000002607994c000,
0x0000026079946000, 0x000002607c84b000, 0x000002607c84c800, 0x000002607c849000,
0x000002607c84d800, 0x000002607c84a000, 0x000002607c84b800, 0x000002607c847800,
0x000002607c84e000, 0x000002607c848800, 0x000002607c854000, 0x000002607c853000,
0x000002607c854800, 0x000002607c84f000, 0x000002607c852000, 0x000002607c855800,
0x000002607c850800, 0x000002607c851800, 0x000002607c84f800, 0x000002607c856000,
0x000002607c963800, 0x000002607c962000, 0x000002607c963000, 0x000002607c964800,
0x000002607c960800, 0x000002607c95f800, 0x000002607c965800, 0x000002607c961000,
0x000002607c966000, 0x000002607db87800, 0x000002607db88000, 0x000002607db8c000,
0x000002607db89000, 0x000002607db8b800, 0x000002607db89800, 0x000002607db86800,
0x000002607db90800, 0x000002607db8f800, 0x000002607db8d000, 0x000002607db8a800,
0x000002607db8e800, 0x000002607db8e000, 0x000002607db91000, 0x000002607db93800,
0x000002607db92800, 0x000002607db92000, 0x000002607db94800, 0x000002607db95000,
0x000002607dbb9800, 0x000002607dbb4800, 0x000002607dbba800, 0x000002607dbbb000,
0x000002607dbb5800, 0x000002607dbbc000, 0x000002607dbb6000, 0x000002607dbbc800,
0x000002607dbb8000, 0x000002607dbb7000, 0x000002607dbbd800, 0x000002607dbbe800,
0x000002607dbb8800, 0x000002607dbbf000, 0x000002607dbc0000, 0x000002607dbc2800,
0x000002607dbc3800, 0x000002607dbc1000, 0x000002607dbc1800
}

Java Threads: ( => current thread )
  0x000002605cb33000 JavaThread "main" [_thread_blocked, id=8988, stack(0x00000078fad00000,0x00000078fae00000)]
  0x0000026076f96000 JavaThread "Reference Handler" daemon [_thread_blocked, id=5528, stack(0x00000078fb400000,0x00000078fb500000)]
  0x0000026076f9f800 JavaThread "Finalizer" daemon [_thread_blocked, id=2384, stack(0x00000078fb500000,0x00000078fb600000)]
  0x0000026076fac800 JavaThread "Signal Dispatcher" daemon [_thread_blocked, id=9348, stack(0x00000078fb600000,0x00000078fb700000)]
  0x0000026076fae800 JavaThread "Attach Listener" daemon [_thread_blocked, id=10236, stack(0x00000078fb700000,0x00000078fb800000)]
  0x0000026076fb3800 JavaThread "Service Thread" daemon [_thread_blocked, id=8156, stack(0x00000078fb800000,0x00000078fb900000)]
=>0x0000026076fb7000 JavaThread "C2 CompilerThread0" daemon [_thread_in_native, id=19204, stack(0x00000078fb900000,0x00000078fba00000)]
  0x0000026076fbd000 JavaThread "C1 CompilerThread0" daemon [_thread_blocked, id=24252, stack(0x00000078fba00000,0x00000078fbb00000)]
  0x0000026076fde800 JavaThread "Sweeper thread" daemon [_thread_blocked, id=16180, stack(0x00000078fbb00000,0x00000078fbc00000)]
  0x0000026077a8b000 JavaThread "Common-Cleaner" daemon [_thread_blocked, id=1820, stack(0x00000078fbc00000,0x00000078fbd00000)]
  0x00000260791ae000 JavaThread "Daemon health stats" [_thread_blocked, id=11724, stack(0x00000078fbf00000,0x00000078fc000000)]
  0x0000026078e93000 JavaThread "Incoming local TCP Connector on port 63125" [_thread_in_native, id=3928, stack(0x00000078fc000000,0x00000078fc100000)]
  0x00000260794a0800 JavaThread "Daemon periodic checks" [_thread_blocked, id=8660, stack(0x00000078fc100000,0x00000078fc200000)]
  0x00000260787cb800 JavaThread "Daemon" [_thread_blocked, id=19740, stack(0x00000078fc200000,0x00000078fc300000)]
  0x0000026079137800 JavaThread "Handler for socket connection from /127.0.0.1:63125 to /127.0.0.1:63127" [_thread_in_native, id=17280, stack(0x00000078fc300000,0x00000078fc400000)]
  0x00000260789b1000 JavaThread "Cancel handler" [_thread_blocked, id=14640, stack(0x00000078fc400000,0x00000078fc500000)]
  0x0000026077d1d800 JavaThread "Daemon worker" [_thread_blocked, id=14056, stack(0x00000078fc500000,0x00000078fc600000)]
  0x0000026077d1e000 JavaThread "Asynchronous log dispatcher for DefaultDaemonConnection: socket connection from /127.0.0.1:63125 to /127.0.0.1:63127" [_thread_blocked, id=21204, stack(0x00000078fc600000,0x00000078fc700000)]
  0x0000026079406000 JavaThread "Stdin handler" [_thread_blocked, id=23944, stack(0x00000078fc700000,0x00000078fc800000)]
  0x00000260793ee000 JavaThread "Daemon client event forwarder" [_thread_blocked, id=19952, stack(0x00000078fc800000,0x00000078fc900000)]
  0x00000260793ef800 JavaThread "Cache worker for journal cache (C:\Users\andre\.gradle\caches\journal-1)" [_thread_blocked, id=1628, stack(0x00000078fcf00000,0x00000078fd000000)]
  0x00000260793ee800 JavaThread "File lock request listener" [_thread_in_native, id=2132, stack(0x00000078fd000000,0x00000078fd100000)]
  0x00000260793f1000 JavaThread "Cache worker for file hash cache (C:\Users\andre\.gradle\caches\7.2\fileHashes)" [_thread_blocked, id=18560, stack(0x00000078fd200000,0x00000078fd300000)]
  0x00000260793f0800 JavaThread "Cache worker for file hash cache (C:\Users\andre\AndroidStudioProjects\YoutubeFYPTinder\.gradle\7.2\fileHashes)" [_thread_blocked, id=12072, stack(0x00000078fd300000,0x00000078fd400000)]
  0x00000260793eb800 JavaThread "File watcher server" daemon [_thread_in_native, id=14936, stack(0x00000078fd400000,0x00000078fd500000)]
  0x00000260793f2000 JavaThread "File watcher consumer" daemon [_thread_blocked, id=21288, stack(0x00000078fd500000,0x00000078fd600000)]
  0x00000260793ed000 JavaThread "jar transforms" [_thread_blocked, id=19464, stack(0x00000078fd600000,0x00000078fd700000)]
  0x00000260793ec000 JavaThread "jar transforms Thread 2" [_thread_blocked, id=20864, stack(0x00000078fd700000,0x00000078fd800000)]
  0x000002607993f000 JavaThread "jar transforms Thread 3" [_thread_blocked, id=20892, stack(0x00000078fd800000,0x00000078fd900000)]
  0x0000026079940800 JavaThread "jar transforms Thread 4" [_thread_blocked, id=11096, stack(0x00000078fd900000,0x00000078fda00000)]
  0x000002607993f800 JavaThread "jar transforms Thread 5" [_thread_blocked, id=16372, stack(0x00000078fda00000,0x00000078fdb00000)]
  0x000002607993e000 JavaThread "jar transforms Thread 6" [_thread_blocked, id=17044, stack(0x00000078fdb00000,0x00000078fdc00000)]
  0x0000026079941800 JavaThread "jar transforms Thread 7" [_thread_blocked, id=23960, stack(0x00000078fdc00000,0x00000078fdd00000)]
  0x0000026079942000 JavaThread "jar transforms Thread 8" [_thread_blocked, id=14584, stack(0x00000078fdd00000,0x00000078fde00000)]
  0x000002607993d000 JavaThread "Cache worker for checksums cache (C:\Users\andre\AndroidStudioProjects\YoutubeFYPTinder\.gradle\checksums)" [_thread_blocked, id=21424, stack(0x00000078fde00000,0x00000078fdf00000)]
  0x0000026079943000 JavaThread "Cache worker for cache directory md-supplier (C:\Users\andre\.gradle\caches\7.2\md-supplier)" [_thread_blocked, id=23268, stack(0x00000078fdf00000,0x00000078fe000000)]
  0x0000026079948800 JavaThread "Cache worker for cache directory md-rule (C:\Users\andre\.gradle\caches\7.2\md-rule)" [_thread_blocked, id=3636, stack(0x00000078fe000000,0x00000078fe100000)]
  0x0000026079947000 JavaThread "Cache worker for execution history cache (C:\Users\andre\.gradle\caches\7.2\executionHistory)" [_thread_blocked, id=5788, stack(0x00000078fe100000,0x00000078fe200000)]
  0x0000026079943800 JavaThread "Cache worker for file content cache (C:\Users\andre\.gradle\caches\7.2\fileContent)" [_thread_blocked, id=9132, stack(0x00000078fe200000,0x00000078fe300000)]
  0x0000026079945800 JavaThread "Cache worker for dependencies-accessors (C:\Users\andre\AndroidStudioProjects\YoutubeFYPTinder\.gradle\7.2\dependencies-accessors)" [_thread_blocked, id=24352, stack(0x00000078fe300000,0x00000078fe400000)]
  0x0000026079944800 JavaThread "Cache worker for Build Output Cleanup Cache (C:\Users\andre\AndroidStudioProjects\YoutubeFYPTinder\.gradle\buildOutputCleanup)" [_thread_blocked, id=7540, stack(0x00000078fe400000,0x00000078fe500000)]
  0x000002607994a800 JavaThread "Unconstrained build operations" [_thread_blocked, id=17448, stack(0x00000078fe500000,0x00000078fe600000)]
  0x000002607994b000 JavaThread "Unconstrained build operations Thread 2" [_thread_blocked, id=21280, stack(0x00000078fe600000,0x00000078fe700000)]
  0x000002607994c000 JavaThread "Unconstrained build operations Thread 3" [_thread_blocked, id=20916, stack(0x00000078fe700000,0x00000078fe800000)]
  0x0000026079946000 JavaThread "Unconstrained build operations Thread 4" [_thread_blocked, id=21720, stack(0x00000078fe800000,0x00000078fe900000)]
  0x000002607c84b000 JavaThread "Unconstrained build operations Thread 5" [_thread_blocked, id=18264, stack(0x00000078fe900000,0x00000078fea00000)]
  0x000002607c84c800 JavaThread "Unconstrained build operations Thread 6" [_thread_blocked, id=5396, stack(0x00000078fea00000,0x00000078feb00000)]
  0x000002607c849000 JavaThread "Unconstrained build operations Thread 7" [_thread_blocked, id=1320, stack(0x00000078feb00000,0x00000078fec00000)]
  0x000002607c84d800 JavaThread "Unconstrained build operations Thread 8" [_thread_blocked, id=10644, stack(0x00000078fec00000,0x00000078fed00000)]
  0x000002607c84a000 JavaThread "Unconstrained build operations Thread 9" [_thread_blocked, id=17764, stack(0x00000078fed00000,0x00000078fee00000)]
  0x000002607c84b800 JavaThread "Unconstrained build operations Thread 10" [_thread_blocked, id=8112, stack(0x00000078fee00000,0x00000078fef00000)]
  0x000002607c847800 JavaThread "Unconstrained build operations Thread 11" [_thread_blocked, id=21132, stack(0x00000078fef00000,0x00000078ff000000)]
  0x000002607c84e000 JavaThread "Unconstrained build operations Thread 12" [_thread_blocked, id=16632, stack(0x00000078ff000000,0x00000078ff100000)]
  0x000002607c848800 JavaThread "Unconstrained build operations Thread 13" [_thread_blocked, id=24316, stack(0x00000078ff100000,0x00000078ff200000)]
  0x000002607c854000 JavaThread "Unconstrained build operations Thread 14" [_thread_blocked, id=20972, stack(0x00000078ff200000,0x00000078ff300000)]
  0x000002607c853000 JavaThread "Unconstrained build operations Thread 15" [_thread_blocked, id=9372, stack(0x00000078ff300000,0x00000078ff400000)]
  0x000002607c854800 JavaThread "Unconstrained build operations Thread 16" [_thread_blocked, id=15932, stack(0x00000078ff400000,0x00000078ff500000)]
  0x000002607c84f000 JavaThread "Unconstrained build operations Thread 17" [_thread_blocked, id=11200, stack(0x00000078ff500000,0x00000078ff600000)]
  0x000002607c852000 JavaThread "Unconstrained build operations Thread 18" [_thread_blocked, id=2532, stack(0x00000078ff600000,0x00000078ff700000)]
  0x000002607c855800 JavaThread "Unconstrained build operations Thread 19" [_thread_blocked, id=3064, stack(0x00000078ff700000,0x00000078ff800000)]
  0x000002607c850800 JavaThread "Unconstrained build operations Thread 20" [_thread_blocked, id=9084, stack(0x00000078ff800000,0x00000078ff900000)]
  0x000002607c851800 JavaThread "Unconstrained build operations Thread 21" [_thread_blocked, id=22204, stack(0x00000078ff900000,0x00000078ffa00000)]
  0x000002607c84f800 JavaThread "Unconstrained build operations Thread 22" [_thread_blocked, id=14128, stack(0x00000078ffa00000,0x00000078ffb00000)]
  0x000002607c856000 JavaThread "Unconstrained build operations Thread 23" [_thread_blocked, id=13844, stack(0x00000078ffb00000,0x00000078ffc00000)]
  0x000002607c963800 JavaThread "Unconstrained build operations Thread 24" [_thread_blocked, id=11872, stack(0x00000078ffc00000,0x00000078ffd00000)]
  0x000002607c962000 JavaThread "Unconstrained build operations Thread 25" [_thread_blocked, id=12300, stack(0x00000078ffd00000,0x00000078ffe00000)]
  0x000002607c963000 JavaThread "Unconstrained build operations Thread 26" [_thread_blocked, id=21592, stack(0x00000078ffe00000,0x00000078fff00000)]
  0x000002607c964800 JavaThread "Unconstrained build operations Thread 27" [_thread_blocked, id=7500, stack(0x00000078fff00000,0x0000007900000000)]
  0x000002607c960800 JavaThread "Unconstrained build operations Thread 28" [_thread_blocked, id=13728, stack(0x0000007880000000,0x0000007880100000)]
  0x000002607c95f800 JavaThread "Unconstrained build operations Thread 29" [_thread_blocked, id=19112, stack(0x0000007880100000,0x0000007880200000)]
  0x000002607c965800 JavaThread "Unconstrained build operations Thread 30" [_thread_blocked, id=21052, stack(0x0000007880200000,0x0000007880300000)]
  0x000002607c961000 JavaThread "Unconstrained build operations Thread 31" [_thread_blocked, id=19948, stack(0x0000007880300000,0x0000007880400000)]
  0x000002607c966000 JavaThread "Unconstrained build operations Thread 32" [_thread_blocked, id=22636, stack(0x0000007880400000,0x0000007880500000)]
  0x000002607db87800 JavaThread "Unconstrained build operations Thread 33" [_thread_blocked, id=19884, stack(0x0000007880500000,0x0000007880600000)]
  0x000002607db88000 JavaThread "Unconstrained build operations Thread 34" [_thread_blocked, id=19040, stack(0x0000007880600000,0x0000007880700000)]
  0x000002607db8c000 JavaThread "Unconstrained build operations Thread 35" [_thread_blocked, id=21712, stack(0x0000007880700000,0x0000007880800000)]
  0x000002607db89000 JavaThread "Unconstrained build operations Thread 36" [_thread_blocked, id=18032, stack(0x0000007880800000,0x0000007880900000)]
  0x000002607db8b800 JavaThread "Unconstrained build operations Thread 37" [_thread_blocked, id=15524, stack(0x0000007880900000,0x0000007880a00000)]
  0x000002607db89800 JavaThread "Unconstrained build operations Thread 38" [_thread_blocked, id=13144, stack(0x0000007880a00000,0x0000007880b00000)]
  0x000002607db86800 JavaThread "Unconstrained build operations Thread 39" [_thread_blocked, id=5624, stack(0x0000007880b00000,0x0000007880c00000)]
  0x000002607db90800 JavaThread "Unconstrained build operations Thread 40" [_thread_blocked, id=17444, stack(0x0000007880c00000,0x0000007880d00000)]
  0x000002607db8f800 JavaThread "Unconstrained build operations Thread 41" [_thread_blocked, id=16864, stack(0x0000007880d00000,0x0000007880e00000)]
  0x000002607db8d000 JavaThread "Unconstrained build operations Thread 42" [_thread_blocked, id=22660, stack(0x0000007880e00000,0x0000007880f00000)]
  0x000002607db8a800 JavaThread "Unconstrained build operations Thread 43" [_thread_blocked, id=18444, stack(0x0000007880f00000,0x0000007881000000)]
  0x000002607db8e800 JavaThread "Unconstrained build operations Thread 44" [_thread_blocked, id=14124, stack(0x0000007881000000,0x0000007881100000)]
  0x000002607db8e000 JavaThread "Unconstrained build operations Thread 45" [_thread_blocked, id=19512, stack(0x0000007881100000,0x0000007881200000)]
  0x000002607db91000 JavaThread "Unconstrained build operations Thread 46" [_thread_blocked, id=19548, stack(0x0000007881200000,0x0000007881300000)]
  0x000002607db93800 JavaThread "Unconstrained build operations Thread 47" [_thread_blocked, id=17192, stack(0x0000007881300000,0x0000007881400000)]
  0x000002607db92800 JavaThread "Unconstrained build operations Thread 48" [_thread_blocked, id=20652, stack(0x0000007881400000,0x0000007881500000)]
  0x000002607db92000 JavaThread "Unconstrained build operations Thread 49" [_thread_blocked, id=6928, stack(0x0000007881500000,0x0000007881600000)]
  0x000002607db94800 JavaThread "Unconstrained build operations Thread 50" [_thread_blocked, id=14752, stack(0x0000007881600000,0x0000007881700000)]
  0x000002607db95000 JavaThread "Unconstrained build operations Thread 51" [_thread_blocked, id=21156, stack(0x0000007881700000,0x0000007881800000)]
  0x000002607dbb9800 JavaThread "Unconstrained build operations Thread 52" [_thread_blocked, id=23796, stack(0x0000007881800000,0x0000007881900000)]
  0x000002607dbb4800 JavaThread "Unconstrained build operations Thread 53" [_thread_blocked, id=19696, stack(0x0000007881900000,0x0000007881a00000)]
  0x000002607dbba800 JavaThread "Unconstrained build operations Thread 54" [_thread_blocked, id=20832, stack(0x0000007881a00000,0x0000007881b00000)]
  0x000002607dbbb000 JavaThread "Unconstrained build operations Thread 55" [_thread_in_vm, id=5696, stack(0x0000007881b00000,0x0000007881c00000)]
  0x000002607dbb5800 JavaThread "Unconstrained build operations Thread 56" [_thread_blocked, id=17076, stack(0x0000007881c00000,0x0000007881d00000)]
  0x000002607dbbc000 JavaThread "Unconstrained build operations Thread 57" [_thread_blocked, id=19348, stack(0x0000007881d00000,0x0000007881e00000)]
  0x000002607dbb6000 JavaThread "Unconstrained build operations Thread 58" [_thread_in_vm, id=17568, stack(0x0000007881e00000,0x0000007881f00000)]
  0x000002607dbbc800 JavaThread "Unconstrained build operations Thread 59" [_thread_blocked, id=17720, stack(0x0000007881f00000,0x0000007882000000)]
  0x000002607dbb8000 JavaThread "Unconstrained build operations Thread 60" [_thread_blocked, id=15916, stack(0x0000007882000000,0x0000007882100000)]
  0x000002607dbb7000 JavaThread "Unconstrained build operations Thread 61" [_thread_blocked, id=13220, stack(0x0000007882100000,0x0000007882200000)]
  0x000002607dbbd800 JavaThread "Unconstrained build operations Thread 62" [_thread_blocked, id=12868, stack(0x0000007882200000,0x0000007882300000)]
  0x000002607dbbe800 JavaThread "Unconstrained build operations Thread 63" [_thread_blocked, id=16092, stack(0x0000007882300000,0x0000007882400000)]
  0x000002607dbb8800 JavaThread "Unconstrained build operations Thread 64" [_thread_blocked, id=14804, stack(0x0000007882400000,0x0000007882500000)]
  0x000002607dbbf000 JavaThread "Unconstrained build operations Thread 65" [_thread_blocked, id=10596, stack(0x0000007882500000,0x0000007882600000)]
  0x000002607dbc0000 JavaThread "Unconstrained build operations Thread 66" [_thread_in_vm, id=19476, stack(0x0000007882600000,0x0000007882700000)]
  0x000002607dbc2800 JavaThread "Unconstrained build operations Thread 67" [_thread_blocked, id=16728, stack(0x0000007882700000,0x0000007882800000)]
  0x000002607dbc3800 JavaThread "Unconstrained build operations Thread 68" [_thread_blocked, id=22092, stack(0x0000007882800000,0x0000007882900000)]
  0x000002607dbc1000 JavaThread "Unconstrained build operations Thread 69" [_thread_blocked, id=19732, stack(0x0000007882900000,0x0000007882a00000)]
  0x000002607dbc1800 JavaThread "Unconstrained build operations Thread 70" [_thread_blocked, id=13908, stack(0x0000007882a00000,0x0000007882b00000)]

Other Threads:
  0x0000026076f91800 VMThread "VM Thread" [stack: 0x00000078fb300000,0x00000078fb400000] [id=6908]
  0x0000026077a9e000 WatcherThread [stack: 0x00000078fbd00000,0x00000078fbe00000] [id=16256]
  0x000002605cb4c000 GCTaskThread "GC Thread#0" [stack: 0x00000078fae00000,0x00000078faf00000] [id=9320]
  0x00000260788ef800 GCTaskThread "GC Thread#1" [stack: 0x00000078fbe00000,0x00000078fbf00000] [id=9844]
  0x000002607928f800 GCTaskThread "GC Thread#2" [stack: 0x00000078fc900000,0x00000078fca00000] [id=8968]
  0x0000026079d9e800 GCTaskThread "GC Thread#3" [stack: 0x00000078fca00000,0x00000078fcb00000] [id=18300]
  0x0000026077a55800 GCTaskThread "GC Thread#4" [stack: 0x00000078fcb00000,0x00000078fcc00000] [id=23624]
  0x0000026077a56800 GCTaskThread "GC Thread#5" [stack: 0x00000078fcc00000,0x00000078fcd00000] [id=20900]
  0x0000026078c9a800 GCTaskThread "GC Thread#6" [stack: 0x00000078fcd00000,0x00000078fce00000] [id=19624]
  0x0000026078c9b800 GCTaskThread "GC Thread#7" [stack: 0x00000078fce00000,0x00000078fcf00000] [id=2992]
  0x000002605cb7d800 ConcurrentGCThread "G1 Main Marker" [stack: 0x00000078faf00000,0x00000078fb000000] [id=1928]
  0x000002605cb7f000 ConcurrentGCThread "G1 Conc#0" [stack: 0x00000078fb000000,0x00000078fb100000] [id=1848]
  0x0000026079d6f000 ConcurrentGCThread "G1 Conc#1" [stack: 0x00000078fd100000,0x00000078fd200000] [id=7856]
  0x000002605cbe8800 ConcurrentGCThread "G1 Refine#0" [stack: 0x00000078fb100000,0x00000078fb200000] [id=21004]
  0x000002605cbe9800 ConcurrentGCThread "G1 Young RemSet Sampling" [stack: 0x00000078fb200000,0x00000078fb300000] [id=15696]

Threads with active compile tasks:
C2 CompilerThread0  12505 5064   !   4       jdk.internal.loader.Resource::getBytes (242 bytes)
C1 CompilerThread0  12505 5365       1       java.util.Formatter$FormatSpecifier::index (5 bytes)

VM state:synchronizing (normal execution)

VM Mutex/Monitor currently owned by a thread:  ([mutex/lock_event])
[0x000002605cb2e0b0] Threads_lock - owner thread: 0x0000026076f91800
[0x000002605cb2ec80] Heap_lock - owner thread: 0x000002605cb7d800

OutOfMemory and StackOverflow Exception counts:
OutOfMemoryError java_heap_errors=1
LinkageErrors=110

Heap address: 0x0000000080000000, size: 2048 MB, Compressed Oops mode: 32-bit
Narrow klass base: 0x0000000000000000, Narrow klass shift: 3
Compressed class space size: 1073741824 Address: 0x0000000100000000

Heap:
 garbage-first heap   total 92160K, used 58874K [0x0000000080000000, 0x0000000100000000)
  region size 1024K, 6 young (6144K), 3 survivors (3072K)
 Metaspace       used 50180K, capacity 51735K, committed 52016K, reserved 1093632K
  class space    used 6425K, capacity 6923K, committed 7040K, reserved 1048576K
Heap Regions: E=young(eden), S=young(survivor), O=old, HS=humongous(starts), HC=humongous(continues), CS=collection set, F=free, A=archive, TAMS=top-at-mark-start (previous, next)
|   0|0x0000000080000000, 0x0000000080100000, 0x0000000080100000|100%| O|  |TAMS 0x0000000080100000, 0x0000000080000000| Updating 
|   1|0x0000000080100000, 0x0000000080200000, 0x0000000080200000|100%| O|  |TAMS 0x0000000080200000, 0x0000000080100000| Updating 
|   2|0x0000000080200000, 0x0000000080300000, 0x0000000080300000|100%| O|  |TAMS 0x0000000080300000, 0x0000000080200000| Updating 
|   3|0x0000000080300000, 0x0000000080400000, 0x0000000080400000|100%|HS|  |TAMS 0x0000000080400000, 0x0000000080300000| Complete 
|   4|0x0000000080400000, 0x0000000080500000, 0x0000000080500000|100%|HC|  |TAMS 0x0000000080500000, 0x0000000080400000| Complete 
|   5|0x0000000080500000, 0x0000000080600000, 0x0000000080600000|100%|HC|  |TAMS 0x0000000080600000, 0x0000000080500000| Complete 
|   6|0x0000000080600000, 0x0000000080700000, 0x0000000080700000|100%| O|  |TAMS 0x0000000080700000, 0x0000000080600000| Updating 
|   7|0x0000000080700000, 0x0000000080800000, 0x0000000080800000|100%| O|  |TAMS 0x0000000080800000, 0x0000000080700000| Updating 
|   8|0x0000000080800000, 0x0000000080900000, 0x0000000080900000|100%| O|  |TAMS 0x0000000080900000, 0x0000000080800000| Updating 
|   9|0x0000000080900000, 0x0000000080a00000, 0x0000000080a00000|100%| O|  |TAMS 0x0000000080a00000, 0x0000000080900000| Updating 
|  10|0x0000000080a00000, 0x0000000080b00000, 0x0000000080b00000|100%| O|  |TAMS 0x0000000080b00000, 0x0000000080a00000| Updating 
|  11|0x0000000080b00000, 0x0000000080c00000, 0x0000000080c00000|100%| O|  |TAMS 0x0000000080c00000, 0x0000000080b00000| Updating 
|  12|0x0000000080c00000, 0x0000000080d00000, 0x0000000080d00000|100%| O|  |TAMS 0x0000000080d00000, 0x0000000080c00000| Updating 
|  13|0x0000000080d00000, 0x0000000080e00000, 0x0000000080e00000|100%| O|  |TAMS 0x0000000080e00000, 0x0000000080d00000| Updating 
|  14|0x0000000080e00000, 0x0000000080f00000, 0x0000000080f00000|100%| O|  |TAMS 0x0000000080f00000, 0x0000000080e00000| Updating 
|  15|0x0000000080f00000, 0x0000000081000000, 0x0000000081000000|100%| O|  |TAMS 0x0000000081000000, 0x0000000080f00000| Updating 
|  16|0x0000000081000000, 0x0000000081100000, 0x0000000081100000|100%| O|  |TAMS 0x0000000081100000, 0x0000000081000000| Updating 
|  17|0x0000000081100000, 0x0000000081200000, 0x0000000081200000|100%|HS|  |TAMS 0x0000000081200000, 0x0000000081100000| Complete 
|  18|0x0000000081200000, 0x0000000081300000, 0x0000000081300000|100%|HC|  |TAMS 0x0000000081300000, 0x0000000081200000| Complete 
|  19|0x0000000081300000, 0x0000000081400000, 0x0000000081400000|100%|HS|  |TAMS 0x0000000081400000, 0x0000000081300000| Complete 
|  20|0x0000000081400000, 0x0000000081500000, 0x0000000081500000|100%|HC|  |TAMS 0x0000000081500000, 0x0000000081400000| Complete 
|  21|0x0000000081500000, 0x0000000081600000, 0x0000000081600000|100%|HC|  |TAMS 0x0000000081600000, 0x0000000081500000| Complete 
|  22|0x0000000081600000, 0x0000000081700000, 0x0000000081700000|100%|HS|  |TAMS 0x0000000081700000, 0x0000000081600000| Complete 
|  23|0x0000000081700000, 0x0000000081800000, 0x0000000081800000|100%|HC|  |TAMS 0x0000000081800000, 0x0000000081700000| Complete 
|  24|0x0000000081800000, 0x0000000081900000, 0x0000000081900000|100%|HC|  |TAMS 0x0000000081900000, 0x0000000081800000| Complete 
|  25|0x0000000081900000, 0x0000000081a00000, 0x0000000081a00000|100%|HC|  |TAMS 0x0000000081a00000, 0x0000000081900000| Complete 
|  26|0x0000000081a00000, 0x0000000081b00000, 0x0000000081b00000|100%| O|  |TAMS 0x0000000081b00000, 0x0000000081a00000| Updating 
|  27|0x0000000081b00000, 0x0000000081c00000, 0x0000000081c00000|100%| O|  |TAMS 0x0000000081c00000, 0x0000000081b00000| Updating 
|  28|0x0000000081c00000, 0x0000000081d00000, 0x0000000081d00000|100%| O|  |TAMS 0x0000000081d00000, 0x0000000081c00000| Updating 
|  29|0x0000000081d00000, 0x0000000081e00000, 0x0000000081e00000|100%| O|  |TAMS 0x0000000081e00000, 0x0000000081d00000| Updating 
|  30|0x0000000081e00000, 0x0000000081f00000, 0x0000000081f00000|100%| O|  |TAMS 0x0000000081f00000, 0x0000000081e00000| Updating 
|  31|0x0000000081f00000, 0x0000000082000000, 0x0000000082000000|100%| O|  |TAMS 0x0000000082000000, 0x0000000081f00000| Updating 
|  32|0x0000000082000000, 0x0000000082100000, 0x0000000082100000|100%| O|  |TAMS 0x0000000082100000, 0x0000000082000000| Updating 
|  33|0x0000000082100000, 0x0000000082200000, 0x0000000082200000|100%| O|  |TAMS 0x0000000082200000, 0x0000000082100000| Updating 
|  34|0x0000000082200000, 0x0000000082300000, 0x0000000082300000|100%| O|  |TAMS 0x0000000082300000, 0x0000000082200000| Updating 
|  35|0x0000000082300000, 0x0000000082400000, 0x0000000082400000|100%| O|  |TAMS 0x0000000082400000, 0x0000000082300000| Updating 
|  36|0x0000000082400000, 0x0000000082500000, 0x0000000082500000|100%| O|  |TAMS 0x0000000082500000, 0x0000000082400000| Updating 
|  37|0x0000000082500000, 0x0000000082600000, 0x0000000082600000|100%| O|  |TAMS 0x0000000082600000, 0x0000000082500000| Updating 
|  38|0x0000000082600000, 0x0000000082700000, 0x0000000082700000|100%| O|  |TAMS 0x0000000082700000, 0x0000000082600000| Updating 
|  39|0x0000000082700000, 0x0000000082800000, 0x0000000082800000|100%| O|  |TAMS 0x0000000082800000, 0x0000000082700000| Updating 
|  40|0x0000000082800000, 0x0000000082900000, 0x0000000082900000|100%| O|  |TAMS 0x0000000082900000, 0x0000000082800000| Updating 
|  41|0x0000000082900000, 0x0000000082a00000, 0x0000000082a00000|100%|HS|  |TAMS 0x0000000082a00000, 0x0000000082900000| Complete 
|  42|0x0000000082a00000, 0x0000000082b00000, 0x0000000082b00000|100%|HC|  |TAMS 0x0000000082b00000, 0x0000000082a00000| Complete 
|  43|0x0000000082b00000, 0x0000000082c00000, 0x0000000082c00000|100%|HC|  |TAMS 0x0000000082c00000, 0x0000000082b00000| Complete 
|  44|0x0000000082c00000, 0x0000000082d00000, 0x0000000082d00000|100%| O|  |TAMS 0x0000000082d00000, 0x0000000082c00000| Updating 
|  45|0x0000000082d00000, 0x0000000082e00000, 0x0000000082e00000|100%| O|  |TAMS 0x0000000082e00000, 0x0000000082d00000| Updating 
|  46|0x0000000082e00000, 0x0000000082f00000, 0x0000000082f00000|100%| O|  |TAMS 0x0000000082f00000, 0x0000000082e00000| Updating 
|  47|0x0000000082f00000, 0x0000000083000000, 0x0000000083000000|100%|HS|  |TAMS 0x0000000083000000, 0x0000000082f00000| Complete 
|  48|0x0000000083000000, 0x0000000083100000, 0x0000000083100000|100%|HC|  |TAMS 0x0000000083100000, 0x0000000083000000| Complete 
|  49|0x0000000083100000, 0x0000000083200000, 0x0000000083200000|100%|HC|  |TAMS 0x0000000083200000, 0x0000000083100000| Complete 
|  50|0x0000000083200000, 0x0000000083300000, 0x0000000083300000|100%|HC|  |TAMS 0x0000000083300000, 0x0000000083200000| Complete 
|  51|0x0000000083300000, 0x0000000083400000, 0x0000000083400000|100%| O|  |TAMS 0x0000000083400000, 0x0000000083300000| Updating 
|  52|0x0000000083400000, 0x0000000083500000, 0x0000000083500000|100%| O|  |TAMS 0x0000000083500000, 0x0000000083400000| Updating 
|  53|0x0000000083500000, 0x000000008356ac00, 0x0000000083600000| 41%| O|  |TAMS 0x000000008356ac00, 0x0000000083500000| Updating 
|  54|0x0000000083600000, 0x0000000083600000, 0x0000000083700000|  0%| F|  |TAMS 0x0000000083600000, 0x0000000083600000| Untracked 
|  55|0x0000000083700000, 0x0000000083700000, 0x0000000083800000|  0%| F|  |TAMS 0x0000000083700000, 0x0000000083700000| Untracked 
|  56|0x0000000083800000, 0x0000000083800000, 0x0000000083900000|  0%| F|  |TAMS 0x0000000083800000, 0x0000000083800000| Untracked 
|  57|0x0000000083900000, 0x0000000083900000, 0x0000000083a00000|  0%| F|  |TAMS 0x0000000083900000, 0x0000000083900000| Untracked 
|  58|0x0000000083a00000, 0x0000000083a00000, 0x0000000083b00000|  0%| F|  |TAMS 0x0000000083a00000, 0x0000000083a00000| Untracked 
|  59|0x0000000083b00000, 0x0000000083b00000, 0x0000000083c00000|  0%| F|  |TAMS 0x0000000083b00000, 0x0000000083b00000| Untracked 
|  60|0x0000000083c00000, 0x0000000083c00000, 0x0000000083d00000|  0%| F|  |TAMS 0x0000000083c00000, 0x0000000083c00000| Untracked 
|  61|0x0000000083d00000, 0x0000000083d00000, 0x0000000083e00000|  0%| F|  |TAMS 0x0000000083d00000, 0x0000000083d00000| Untracked 
|  62|0x0000000083e00000, 0x0000000083e00000, 0x0000000083f00000|  0%| F|  |TAMS 0x0000000083e00000, 0x0000000083e00000| Untracked 
|  63|0x0000000083f00000, 0x0000000083f00000, 0x0000000084000000|  0%| F|  |TAMS 0x0000000083f00000, 0x0000000083f00000| Untracked 
|  64|0x0000000084000000, 0x0000000084000000, 0x0000000084100000|  0%| F|  |TAMS 0x0000000084000000, 0x0000000084000000| Untracked 
|  65|0x0000000084100000, 0x0000000084100000, 0x0000000084200000|  0%| F|  |TAMS 0x0000000084100000, 0x0000000084100000| Untracked 
|  66|0x0000000084200000, 0x0000000084200000, 0x0000000084300000|  0%| F|  |TAMS 0x0000000084200000, 0x0000000084200000| Untracked 
|  67|0x0000000084300000, 0x0000000084300000, 0x0000000084400000|  0%| F|  |TAMS 0x0000000084300000, 0x0000000084300000| Untracked 
|  68|0x0000000084400000, 0x0000000084400000, 0x0000000084500000|  0%| F|  |TAMS 0x0000000084400000, 0x0000000084400000| Untracked 
|  69|0x0000000084500000, 0x0000000084513f20, 0x0000000084600000|  7%| S|CS|TAMS 0x0000000084500000, 0x0000000084500000| Complete 
|  70|0x0000000084600000, 0x0000000084600000, 0x0000000084700000|  0%| F|  |TAMS 0x0000000084600000, 0x0000000084600000| Untracked 
|  71|0x0000000084700000, 0x0000000084700000, 0x0000000084800000|  0%| F|  |TAMS 0x0000000084700000, 0x0000000084700000| Untracked 
|  72|0x0000000084800000, 0x0000000084900000, 0x0000000084900000|100%| S|CS|TAMS 0x0000000084800000, 0x0000000084800000| Complete 
|  73|0x0000000084900000, 0x0000000084a00000, 0x0000000084a00000|100%| S|CS|TAMS 0x0000000084900000, 0x0000000084900000| Complete 
|  74|0x0000000084a00000, 0x0000000084a00000, 0x0000000084b00000|  0%| F|  |TAMS 0x0000000084a00000, 0x0000000084a00000| Untracked 
|  75|0x0000000084b00000, 0x0000000084b00000, 0x0000000084c00000|  0%| F|  |TAMS 0x0000000084b00000, 0x0000000084b00000| Untracked 
|  76|0x0000000084c00000, 0x0000000084c00000, 0x0000000084d00000|  0%| F|  |TAMS 0x0000000084c00000, 0x0000000084c00000| Untracked 
|  77|0x0000000084d00000, 0x0000000084d00000, 0x0000000084e00000|  0%| F|  |TAMS 0x0000000084d00000, 0x0000000084d00000| Untracked 
|  78|0x0000000084e00000, 0x0000000084e00000, 0x0000000084f00000|  0%| F|  |TAMS 0x0000000084e00000, 0x0000000084e00000| Untracked 
|  79|0x0000000084f00000, 0x0000000084f00000, 0x0000000085000000|  0%| F|  |TAMS 0x0000000084f00000, 0x0000000084f00000| Untracked 
|  80|0x0000000085000000, 0x0000000085000000, 0x0000000085100000|  0%| F|  |TAMS 0x0000000085000000, 0x0000000085000000| Untracked 
|  81|0x0000000085100000, 0x0000000085100000, 0x0000000085200000|  0%| F|  |TAMS 0x0000000085100000, 0x0000000085100000| Untracked 
|  82|0x0000000085200000, 0x0000000085200000, 0x0000000085300000|  0%| F|  |TAMS 0x0000000085200000, 0x0000000085200000| Untracked 
|  83|0x0000000085300000, 0x0000000085300000, 0x0000000085400000|  0%| F|  |TAMS 0x0000000085300000, 0x0000000085300000| Untracked 
|  84|0x0000000085400000, 0x0000000085400000, 0x0000000085500000|  0%| F|  |TAMS 0x0000000085400000, 0x0000000085400000| Untracked 
|  85|0x0000000085500000, 0x0000000085500000, 0x0000000085600000|  0%| F|  |TAMS 0x0000000085500000, 0x0000000085500000| Untracked 
|  86|0x0000000085600000, 0x0000000085600000, 0x0000000085700000|  0%| F|  |TAMS 0x0000000085600000, 0x0000000085600000| Untracked 
|  87|0x0000000085700000, 0x00000000857d7090, 0x0000000085800000| 83%| E|  |TAMS 0x0000000085700000, 0x0000000085700000| Complete 
|  88|0x0000000085800000, 0x0000000085900000, 0x0000000085900000|100%| E|CS|TAMS 0x0000000085800000, 0x0000000085800000| Complete 
|  89|0x0000000085900000, 0x0000000085a00000, 0x0000000085a00000|100%| E|CS|TAMS 0x0000000085900000, 0x0000000085900000| Complete 

Card table byte_map: [0x000002606fd50000,0x0000026070150000] _byte_map_base: 0x000002606f950000

Marking Bits (Prev, Next): (CMBitMap*) 0x000002605cb74ae0, (CMBitMap*) 0x000002605cb74aa8
 Prev Bits: [0x0000026072550000, 0x0000026074550000)
 Next Bits: [0x0000026070550000, 0x0000026072550000)

Polling page: 0x000002605aad0000

Metaspace:

Usage:
  Non-class:     43.76 MB capacity,    42.73 MB ( 98%) used,   921.38 KB (  2%) free+waste,   135.81 KB ( <1%) overhead. 
      Class:      6.76 MB capacity,     6.27 MB ( 93%) used,   431.98 KB (  6%) free+waste,    65.50 KB ( <1%) overhead. 
       Both:     50.52 MB capacity,    49.00 MB ( 97%) used,     1.32 MB (  3%) free+waste,   201.31 KB ( <1%) overhead. 

Virtual space:
  Non-class space:       44.00 MB reserved,      43.92 MB (>99%) committed 
      Class space:        1.00 GB reserved,       6.88 MB ( <1%) committed 
             Both:        1.04 GB reserved,      50.80 MB (  5%) committed 

Chunk freelists:
   Non-Class:  0 bytes
       Class:  21.00 KB
        Both:  21.00 KB

MaxMetaspaceSize: 17179869184.00 GB
CompressedClassSpaceSize: 1.00 GB

CodeHeap 'non-profiled nmethods': size=120000Kb used=2479Kb max_used=2479Kb free=117520Kb
 bounds [0x00000260680f0000, 0x0000026068360000, 0x000002606f620000]
CodeHeap 'profiled nmethods': size=120000Kb used=11017Kb max_used=11017Kb free=108982Kb
 bounds [0x0000026060bc0000, 0x0000026061690000, 0x00000260680f0000]
CodeHeap 'non-nmethods': size=5760Kb used=2222Kb max_used=2258Kb free=3537Kb
 bounds [0x0000026060620000, 0x0000026060890000, 0x0000026060bc0000]
 total_blobs=6094 nmethods=5298 adapters=707
 compilation: enabled
              stopped_count=0, restarted_count=0
 full_count=0

Compilation events (20 events):
Event: 12.348 Thread 0x0000026076fbd000 5235       1       org.gradle.api.internal.artifacts.result.DefaultResolvedVariantResult::getCapabilities (5 bytes)
Event: 12.348 Thread 0x0000026076fbd000 nmethod 5235 0x0000026068353010 code [0x00000260683531c0, 0x0000026068353278]
Event: 12.348 Thread 0x0000026076fbd000 5236       1       org.gradle.internal.component.external.model.ImmutableCapability::getGroup (5 bytes)
Event: 12.348 Thread 0x0000026076fbd000 nmethod 5236 0x0000026068353310 code [0x00000260683534c0, 0x0000026068353578]
Event: 12.348 Thread 0x0000026076fbd000 5237       1       org.gradle.internal.component.external.model.ImmutableCapability::getName (5 bytes)
Event: 12.348 Thread 0x0000026076fbd000 nmethod 5237 0x0000026068353610 code [0x00000260683537c0, 0x0000026068353878]
Event: 12.348 Thread 0x0000026076fbd000 5238       1       org.gradle.internal.component.external.model.ImmutableCapability::getVersion (5 bytes)
Event: 12.348 Thread 0x0000026076fbd000 nmethod 5238 0x0000026068353910 code [0x0000026068353ac0, 0x0000026068353b78]
Event: 12.348 Thread 0x0000026076fbd000 5239       1       org.gradle.api.internal.artifacts.ivyservice.resolveengine.graph.builder.NodeState::getOutgoingEdges (5 bytes)
Event: 12.348 Thread 0x0000026076fbd000 nmethod 5239 0x0000026068353c10 code [0x0000026068353dc0, 0x0000026068353e78]
Event: 12.348 Thread 0x0000026076fbd000 5240       1       org.gradle.api.internal.artifacts.ivyservice.resolveengine.graph.builder.ComponentState::getModuleVersion (5 bytes)
Event: 12.348 Thread 0x0000026076fbd000 nmethod 5240 0x0000026068353f10 code [0x00000260683540c0, 0x0000026068354178]
Event: 12.348 Thread 0x0000026076fbd000 5241       1       org.gradle.api.internal.artifacts.ResolvedConfigurationIdentifier::getId (5 bytes)
Event: 12.348 Thread 0x0000026076fbd000 nmethod 5241 0x0000026068354210 code [0x00000260683543c0, 0x0000026068354478]
Event: 12.348 Thread 0x0000026076fbd000 5242       1       org.gradle.api.internal.artifacts.ivyservice.ivyresolve.RepositoryChainModuleSource::getRepositoryName (5 bytes)
Event: 12.348 Thread 0x0000026076fbd000 nmethod 5242 0x0000026068354510 code [0x00000260683546c0, 0x0000026068354778]
Event: 12.348 Thread 0x0000026076fbd000 5243       3       com.google.common.collect.IndexedImmutableSet::iterator (8 bytes)
Event: 12.349 Thread 0x0000026076fbd000 nmethod 5243 0x0000026061651f90 code [0x00000260616521a0, 0x00000260616528a8]
Event: 12.349 Thread 0x0000026076fbd000 5244       3       org.gradle.api.internal.artifacts.ivyservice.resolveengine.graph.builder.EdgeState::getFailure (104 bytes)
Event: 12.350 Thread 0x0000026076fbd000 nmethod 5244 0x0000026061652b10 code [0x0000026061652d60, 0x00000260616535f8]

GC Heap History (20 events):
Event: 9.861 GC heap before
{Heap before GC invocations=23 (full 0):
 garbage-first heap   total 63488K, used 46352K [0x0000000080000000, 0x0000000100000000)
  region size 1024K, 8 young (8192K), 1 survivors (1024K)
 Metaspace       used 42970K, capacity 44091K, committed 44336K, reserved 1087488K
  class space    used 5510K, capacity 5916K, committed 6016K, reserved 1048576K
}
Event: 9.864 GC heap after
{Heap after GC invocations=24 (full 0):
 garbage-first heap   total 63488K, used 40774K [0x0000000080000000, 0x0000000100000000)
  region size 1024K, 2 young (2048K), 2 survivors (2048K)
 Metaspace       used 42970K, capacity 44091K, committed 44336K, reserved 1087488K
  class space    used 5510K, capacity 5916K, committed 6016K, reserved 1048576K
}
Event: 10.099 GC heap before
{Heap before GC invocations=25 (full 0):
 garbage-first heap   total 63488K, used 53062K [0x0000000080000000, 0x0000000100000000)
  region size 1024K, 12 young (12288K), 2 survivors (2048K)
 Metaspace       used 43464K, capacity 44715K, committed 44976K, reserved 1087488K
  class space    used 5574K, capacity 6036K, committed 6144K, reserved 1048576K
}
Event: 10.105 GC heap after
{Heap after GC invocations=26 (full 0):
 garbage-first heap   total 63488K, used 45970K [0x0000000080000000, 0x0000000100000000)
  region size 1024K, 2 young (2048K), 2 survivors (2048K)
 Metaspace       used 43464K, capacity 44715K, committed 44976K, reserved 1087488K
  class space    used 5574K, capacity 6036K, committed 6144K, reserved 1048576K
}
Event: 10.192 GC heap before
{Heap before GC invocations=26 (full 0):
 garbage-first heap   total 63488K, used 53138K [0x0000000080000000, 0x0000000100000000)
  region size 1024K, 9 young (9216K), 2 survivors (2048K)
 Metaspace       used 43877K, capacity 45228K, committed 45488K, reserved 1089536K
  class space    used 5631K, capacity 6100K, committed 6144K, reserved 1048576K
}
Event: 10.196 GC heap after
{Heap after GC invocations=27 (full 0):
 garbage-first heap   total 63488K, used 46683K [0x0000000080000000, 0x0000000100000000)
  region size 1024K, 1 young (1024K), 1 survivors (1024K)
 Metaspace       used 43877K, capacity 45228K, committed 45488K, reserved 1089536K
  class space    used 5631K, capacity 6100K, committed 6144K, reserved 1048576K
}
Event: 10.243 GC heap before
{Heap before GC invocations=28 (full 0):
 garbage-first heap   total 63488K, used 49755K [0x0000000080000000, 0x0000000100000000)
  region size 1024K, 6 young (6144K), 1 survivors (1024K)
 Metaspace       used 44172K, capacity 45484K, committed 45744K, reserved 1089536K
  class space    used 5652K, capacity 6100K, committed 6144K, reserved 1048576K
}
Event: 10.246 GC heap after
{Heap after GC invocations=29 (full 0):
 garbage-first heap   total 76800K, used 47457K [0x0000000080000000, 0x0000000100000000)
  region size 1024K, 1 young (1024K), 1 survivors (1024K)
 Metaspace       used 44172K, capacity 45484K, committed 45744K, reserved 1089536K
  class space    used 5652K, capacity 6100K, committed 6144K, reserved 1048576K
}
Event: 10.608 GC heap before
{Heap before GC invocations=30 (full 0):
 garbage-first heap   total 76800K, used 58721K [0x0000000080000000, 0x0000000100000000)
  region size 1024K, 12 young (12288K), 1 survivors (1024K)
 Metaspace       used 45357K, capacity 46593K, committed 46896K, reserved 1089536K
  class space    used 5700K, capacity 6148K, committed 6272K, reserved 1048576K
}
Event: 10.611 GC heap after
{Heap after GC invocations=31 (full 0):
 garbage-first heap   total 76800K, used 47950K [0x0000000080000000, 0x0000000100000000)
  region size 1024K, 2 young (2048K), 2 survivors (2048K)
 Metaspace       used 45357K, capacity 46593K, committed 46896K, reserved 1089536K
  class space    used 5700K, capacity 6148K, committed 6272K, reserved 1048576K
}
Event: 10.686 GC heap before
{Heap before GC invocations=31 (full 0):
 garbage-first heap   total 76800K, used 59214K [0x0000000080000000, 0x0000000100000000)
  region size 1024K, 13 young (13312K), 2 survivors (2048K)
 Metaspace       used 45602K, capacity 46817K, committed 47152K, reserved 1089536K
  class space    used 5745K, capacity 6180K, committed 6272K, reserved 1048576K
}
Event: 10.689 GC heap after
{Heap after GC invocations=32 (full 0):
 garbage-first heap   total 76800K, used 48642K [0x0000000080000000, 0x0000000100000000)
  region size 1024K, 1 young (1024K), 1 survivors (1024K)
 Metaspace       used 45602K, capacity 46817K, committed 47152K, reserved 1089536K
  class space    used 5745K, capacity 6180K, committed 6272K, reserved 1048576K
}
Event: 10.855 GC heap before
{Heap before GC invocations=33 (full 0):
 garbage-first heap   total 76800K, used 58882K [0x0000000080000000, 0x0000000100000000)
  region size 1024K, 12 young (12288K), 1 survivors (1024K)
 Metaspace       used 46471K, capacity 47761K, committed 48048K, reserved 1091584K
  class space    used 5886K, capacity 6325K, committed 6400K, reserved 1048576K
}
Event: 10.862 GC heap after
{Heap after GC invocations=34 (full 0):
 garbage-first heap   total 76800K, used 49311K [0x0000000080000000, 0x0000000100000000)
  region size 1024K, 2 young (2048K), 2 survivors (2048K)
 Metaspace       used 46471K, capacity 47761K, committed 48048K, reserved 1091584K
  class space    used 5886K, capacity 6325K, committed 6400K, reserved 1048576K
}
Event: 11.063 GC heap before
{Heap before GC invocations=35 (full 0):
 garbage-first heap   total 76800K, used 64671K [0x0000000080000000, 0x0000000100000000)
  region size 1024K, 13 young (13312K), 2 survivors (2048K)
 Metaspace       used 47038K, capacity 48378K, committed 48688K, reserved 1091584K
  class space    used 5970K, capacity 6424K, committed 6528K, reserved 1048576K
}
Event: 11.066 GC heap after
{Heap after GC invocations=36 (full 0):
 garbage-first heap   total 92160K, used 54594K [0x0000000080000000, 0x0000000100000000)
  region size 1024K, 2 young (2048K), 2 survivors (2048K)
 Metaspace       used 47038K, capacity 48378K, committed 48688K, reserved 1091584K
  class space    used 5970K, capacity 6424K, committed 6528K, reserved 1048576K
}
Event: 11.309 GC heap before
{Heap before GC invocations=36 (full 0):
 garbage-first heap   total 92160K, used 70978K [0x0000000080000000, 0x0000000100000000)
  region size 1024K, 18 young (18432K), 2 survivors (2048K)
 Metaspace       used 48025K, capacity 49456K, committed 49584K, reserved 1091584K
  class space    used 6146K, capacity 6636K, committed 6656K, reserved 1048576K
}
Event: 11.313 GC heap after
{Heap after GC invocations=37 (full 0):
 garbage-first heap   total 92160K, used 55162K [0x0000000080000000, 0x0000000100000000)
  region size 1024K, 2 young (2048K), 2 survivors (2048K)
 Metaspace       used 48025K, capacity 49456K, committed 49584K, reserved 1091584K
  class space    used 6146K, capacity 6636K, committed 6656K, reserved 1048576K
}
Event: 11.632 GC heap before
{Heap before GC invocations=38 (full 0):
 garbage-first heap   total 92160K, used 71546K [0x0000000080000000, 0x0000000100000000)
  region size 1024K, 18 young (18432K), 2 survivors (2048K)
 Metaspace       used 49195K, capacity 50611K, committed 50736K, reserved 1093632K
  class space    used 6316K, capacity 6765K, committed 6784K, reserved 1048576K
}
Event: 11.638 GC heap after
{Heap after GC invocations=39 (full 0):
 garbage-first heap   total 92160K, used 55889K [0x0000000080000000, 0x0000000100000000)
  region size 1024K, 2 young (2048K), 2 survivors (2048K)
 Metaspace       used 49195K, capacity 50611K, committed 50736K, reserved 1093632K
  class space    used 6316K, capacity 6765K, committed 6784K, reserved 1048576K
}

Deoptimization events (20 events):
Event: 11.486 Thread 0x0000026077d1d800 Uncommon trap: trap_request=0xffffff4d fr.pc=0x000002606816f000 relative=0x00000000000001c0
Event: 11.486 Thread 0x0000026077d1d800 Uncommon trap: reason=unstable_if action=reinterpret pc=0x000002606816f000 method=java.net.URI$Parser.scan(IILjava/lang/String;)I @ 26 c2
Event: 11.486 Thread 0x0000026077d1d800 DEOPT PACKING pc=0x000002606816f000 sp=0x00000078fc5f87a0
Event: 11.486 Thread 0x0000026077d1d800 DEOPT UNPACKING pc=0x000002606064662f sp=0x00000078fc5f8730 mode 2
Event: 11.486 Thread 0x0000026077d1d800 Uncommon trap: trap_request=0xffffff4d fr.pc=0x00000260681f23c4 relative=0x00000000000000a4
Event: 11.486 Thread 0x0000026077d1d800 Uncommon trap: reason=unstable_if action=reinterpret pc=0x00000260681f23c4 method=java.net.URI.match(CJJ)Z @ 45 c2
Event: 11.486 Thread 0x0000026077d1d800 DEOPT PACKING pc=0x00000260681f23c4 sp=0x00000078fc5f8450
Event: 11.486 Thread 0x0000026077d1d800 DEOPT UNPACKING pc=0x000002606064662f sp=0x00000078fc5f83d8 mode 2
Event: 11.965 Thread 0x0000026077d1d800 DEOPT PACKING pc=0x0000026060c7a31b sp=0x00000078fc5f7ba0
Event: 11.965 Thread 0x0000026077d1d800 DEOPT UNPACKING pc=0x0000026060646dde sp=0x00000078fc5f70e0 mode 0
Event: 11.965 Thread 0x0000026077d1d800 Uncommon trap: trap_request=0xffffff4d fr.pc=0x0000026068115600 relative=0x0000000000000060
Event: 11.965 Thread 0x0000026077d1d800 Uncommon trap: reason=unstable_if action=reinterpret pc=0x0000026068115600 method=java.io.WinNTFileSystem.isSlash(C)Z @ 9 c2
Event: 11.965 Thread 0x0000026077d1d800 DEOPT PACKING pc=0x0000026068115600 sp=0x00000078fc5f7be0
Event: 11.965 Thread 0x0000026077d1d800 DEOPT UNPACKING pc=0x000002606064662f sp=0x00000078fc5f7b68 mode 2
Event: 12.013 Thread 0x0000026077d1d800 DEOPT PACKING pc=0x0000026060f435e8 sp=0x00000078fc5f8060
Event: 12.013 Thread 0x0000026077d1d800 DEOPT UNPACKING pc=0x0000026060646dde sp=0x00000078fc5f7578 mode 0
Event: 12.291 Thread 0x0000026077d1d800 Uncommon trap: trap_request=0xffffff4d fr.pc=0x000002606833b86c relative=0x000000000000136c
Event: 12.291 Thread 0x0000026077d1d800 Uncommon trap: reason=unstable_if action=reinterpret pc=0x000002606833b86c method=com.esotericsoftware.kryo.io.Input.readString()Ljava/lang/String; @ 38 c2
Event: 12.291 Thread 0x0000026077d1d800 DEOPT PACKING pc=0x000002606833b86c sp=0x00000078fc5f7f50
Event: 12.291 Thread 0x0000026077d1d800 DEOPT UNPACKING pc=0x000002606064662f sp=0x00000078fc5f7df0 mode 2

Classes redefined (0 events):
No events

Internal exceptions (20 events):
Event: 11.139 Thread 0x0000026077d1d800 Exception <a 'java/lang/ClassNotFoundException'{0x00000000854502a0}: org/gradle/internal/service/scopes/ProjectScopeServicesBeanInfo> (0x00000000854502a0) thrown at [./src/hotspot/share/classfile/systemDictionary.cpp, line 231]
Event: 11.139 Thread 0x0000026077d1d800 Exception <a 'java/lang/ClassNotFoundException'{0x00000000854684a8}: org/gradle/internal/service/DefaultServiceRegistryBeanInfo> (0x00000000854684a8) thrown at [./src/hotspot/share/classfile/systemDictionary.cpp, line 231]
Event: 11.140 Thread 0x0000026077d1d800 Exception <a 'java/lang/ClassNotFoundException'{0x0000000085480940}: org/gradle/internal/service/DefaultServiceRegistryCustomizer> (0x0000000085480940) thrown at [./src/hotspot/share/classfile/systemDictionary.cpp, line 231]
Event: 11.142 Thread 0x0000026077d1d800 Exception <a 'java/lang/ClassNotFoundException'{0x00000000854a73d0}: org/gradle/internal/service/scopes/ProjectScopeServicesCustomizer> (0x00000000854a73d0) thrown at [./src/hotspot/share/classfile/systemDictionary.cpp, line 231]
Event: 11.146 Thread 0x0000026077d1d800 Exception <a 'java/lang/ClassNotFoundException'{0x00000000854f7ae0}: org/gradle/tooling/provider/model/internal/DefaultToolingModelBuilderRegistryBeanInfo> (0x00000000854f7ae0) thrown at [./src/hotspot/share/classfile/systemDictionary.cpp, line 231]
Event: 11.147 Thread 0x0000026077d1d800 Exception <a 'java/lang/ClassNotFoundException'{0x00000000853146d8}: org/gradle/tooling/provider/model/internal/DefaultToolingModelBuilderRegistryCustomizer> (0x00000000853146d8) thrown at [./src/hotspot/share/classfile/systemDictionary.cpp, line 231]
Event: 11.159 Thread 0x0000026077d1d800 Exception <a 'java/lang/ClassNotFoundException'{0x00000000852b81e0}: org/codehaus/groovy/reflection/CachedFieldBeanInfo> (0x00000000852b81e0) thrown at [./src/hotspot/share/classfile/systemDictionary.cpp, line 231]
Event: 11.161 Thread 0x0000026077d1d800 Exception <a 'java/lang/ClassNotFoundException'{0x00000000852da610}: groovy/lang/MetaPropertyBeanInfo> (0x00000000852da610) thrown at [./src/hotspot/share/classfile/systemDictionary.cpp, line 231]
Event: 11.163 Thread 0x0000026077d1d800 Exception <a 'java/lang/ClassNotFoundException'{0x00000000852fd828}: groovy/lang/MetaPropertyCustomizer> (0x00000000852fd828) thrown at [./src/hotspot/share/classfile/systemDictionary.cpp, line 231]
Event: 11.172 Thread 0x0000026077d1d800 Exception <a 'java/lang/ClassNotFoundException'{0x0000000085087880}: org/codehaus/groovy/reflection/CachedFieldCustomizer> (0x0000000085087880) thrown at [./src/hotspot/share/classfile/systemDictionary.cpp, line 231]
Event: 11.179 Thread 0x0000026077d1d800 Exception <a 'java/lang/ClassNotFoundException'{0x0000000084f392d0}: org/gradle/tooling/provider/model/internal/DefaultToolingModelBuilderRegistry$1BeanInfo> (0x0000000084f392d0) thrown at [./src/hotspot/share/classfile/systemDictionary.cpp, line 231]
Event: 11.182 Thread 0x0000026077d1d800 Exception <a 'java/lang/ClassNotFoundException'{0x0000000084f56a48}: org/gradle/tooling/provider/model/internal/DefaultToolingModelBuilderRegistry$1Customizer> (0x0000000084f56a48) thrown at [./src/hotspot/share/classfile/systemDictionary.cpp, line 231]
Event: 11.185 Thread 0x0000026077d1d800 Exception <a 'java/lang/ClassNotFoundException'{0x0000000084fc5c68}: java/util/CollectionBeanInfo> (0x0000000084fc5c68) thrown at [./src/hotspot/share/classfile/systemDictionary.cpp, line 231]
Event: 11.186 Thread 0x0000026077d1d800 Exception <a 'java/lang/ClassNotFoundException'{0x0000000084fd0d58}: java/util/CollectionCustomizer> (0x0000000084fd0d58) thrown at [./src/hotspot/share/classfile/systemDictionary.cpp, line 231]
Event: 11.263 Thread 0x0000026077d1d800 Implicit null exception at 0x00000260681bd774 to 0x00000260681bd984
Event: 11.263 Thread 0x0000026077d1d800 Implicit null exception at 0x0000026068144278 to 0x000002606814430a
Event: 11.440 Thread 0x0000026077d1d800 Exception <a 'java/lang/ClassNotFoundException'{0x00000000858fe688}: build_czwgwkbu79fed5mc4gvns4uu9BeanInfo> (0x00000000858fe688) thrown at [./src/hotspot/share/classfile/systemDictionary.cpp, line 231]
Event: 11.441 Thread 0x0000026077d1d800 Exception <a 'java/lang/ClassNotFoundException'{0x0000000085715b60}: org/gradle/api/internal/project/ProjectScriptBeanInfo> (0x0000000085715b60) thrown at [./src/hotspot/share/classfile/systemDictionary.cpp, line 231]
Event: 11.441 Thread 0x0000026077d1d800 Exception <a 'java/lang/ClassNotFoundException'{0x000000008572c228}: org/gradle/api/internal/project/ProjectScriptCustomizer> (0x000000008572c228) thrown at [./src/hotspot/share/classfile/systemDictionary.cpp, line 231]
Event: 11.442 Thread 0x0000026077d1d800 Exception <a 'java/lang/ClassNotFoundException'{0x00000000857474a8}: build_czwgwkbu79fed5mc4gvns4uu9Customizer> (0x00000000857474a8) thrown at [./src/hotspot/share/classfile/systemDictionary.cpp, line 231]

Events (20 events):
Event: 12.349 loading class org/gradle/api/internal/artifacts/ivyservice/resolveengine/result/StreamingResolutionResultBuilder
Event: 12.349 loading class org/gradle/api/internal/artifacts/ivyservice/resolveengine/result/StreamingResolutionResultBuilder done
Event: 12.350 loading class org/gradle/internal/component/external/model/UrlBackedArtifactMetadata
Event: 12.350 loading class org/gradle/internal/component/external/model/UrlBackedArtifactMetadata done
Event: 12.351 loading class org/gradle/internal/resolve/result/DefaultBuildableComponentArtifactsResolveResult
Event: 12.351 loading class org/gradle/internal/resolve/result/DefaultBuildableComponentArtifactsResolveResult done
Event: 12.352 loading class org/gradle/internal/resolve/result/DefaultBuildableTypedResolveResult
Event: 12.352 loading class org/gradle/internal/resolve/result/DefaultBuildableTypedResolveResult done
Event: 12.353 loading class org/gradle/internal/component/model/ComponentResolveMetadata
Event: 12.353 loading class org/gradle/internal/component/model/ComponentResolveMetadata done
Event: 12.353 loading class org/gradle/api/internal/artifacts/ivyservice/ivyresolve/ErrorHandlingModuleComponentRepository$ErrorHandlingModuleComponentRepositoryAccess
Event: 12.353 loading class org/gradle/api/internal/artifacts/ivyservice/ivyresolve/ErrorHandlingModuleComponentRepository$ErrorHandlingModuleComponentRepositoryAccess done
Event: 12.354 loading class org/gradle/internal/component/model/ComponentResolveMetadata
Event: 12.354 loading class org/gradle/internal/component/model/ComponentResolveMetadata done
Event: 12.354 loading class org/gradle/internal/resolve/ArtifactResolveException
Event: 12.354 loading class org/gradle/internal/resolve/ArtifactResolveException done
Event: 12.354 loading class org/gradle/internal/component/model/ComponentResolveMetadata
Event: 12.354 loading class org/gradle/internal/component/model/ComponentResolveMetadata done
Event: 12.354 loading class org/gradle/internal/component/model/ComponentResolveMetadata
Event: 12.354 loading class org/gradle/internal/component/model/ComponentResolveMetadata done


Dynamic libraries:
0x00007ff79a850000 - 0x00007ff79a85a000 	C:\Program Files\Android\Android Studio1\jre\bin\java.exe
0x00007ff87cd30000 - 0x00007ff87cf25000 	C:\WINDOWS\SYSTEM32\ntdll.dll
0x00007ff869f00000 - 0x00007ff869f16000 	C:\Program Files\AVG\Antivirus\aswhook.dll
0x00007ff87b250000 - 0x00007ff87b30e000 	C:\WINDOWS\System32\KERNEL32.DLL
0x00007ff87a470000 - 0x00007ff87a738000 	C:\WINDOWS\System32\KERNELBASE.dll
0x00007ff877c30000 - 0x00007ff877cc0000 	C:\WINDOWS\SYSTEM32\apphelp.dll
0x00007ff87a960000 - 0x00007ff87aa60000 	C:\WINDOWS\System32\ucrtbase.dll
0x00007ff86acd0000 - 0x00007ff86ace7000 	C:\Program Files\Android\Android Studio1\jre\bin\VCRUNTIME140.dll
0x00007ff8692a0000 - 0x00007ff8692b9000 	C:\Program Files\Android\Android Studio1\jre\bin\jli.dll
0x00007ff87b820000 - 0x00007ff87b9c1000 	C:\WINDOWS\System32\USER32.dll
0x00007ff87a440000 - 0x00007ff87a462000 	C:\WINDOWS\System32\win32u.dll
0x00007ff867a60000 - 0x00007ff867cfa000 	C:\WINDOWS\WinSxS\amd64_microsoft.windows.common-controls_6595b64144ccf1df_6.0.19041.1110_none_60b5254171f9507e\COMCTL32.dll
0x00007ff87b220000 - 0x00007ff87b24b000 	C:\WINDOWS\System32\GDI32.dll
0x00007ff87b570000 - 0x00007ff87b60e000 	C:\WINDOWS\System32\msvcrt.dll
0x00007ff87a740000 - 0x00007ff87a84d000 	C:\WINDOWS\System32\gdi32full.dll
0x00007ff87aa60000 - 0x00007ff87aafd000 	C:\WINDOWS\System32\msvcp_win.dll
0x00007ff87b1f0000 - 0x00007ff87b220000 	C:\WINDOWS\System32\IMM32.DLL
0x00007ff83e310000 - 0x00007ff83e3ad000 	C:\Program Files\Android\Android Studio1\jre\bin\msvcp140.dll
0x00007ff833ad0000 - 0x00007ff8345a5000 	C:\Program Files\Android\Android Studio1\jre\bin\server\jvm.dll
0x00007ff87ca80000 - 0x00007ff87cb2e000 	C:\WINDOWS\System32\ADVAPI32.dll
0x00007ff87b310000 - 0x00007ff87b3ac000 	C:\WINDOWS\System32\sechost.dll
0x00007ff87c230000 - 0x00007ff87c355000 	C:\WINDOWS\System32\RPCRT4.dll
0x00007ff87b610000 - 0x00007ff87b618000 	C:\WINDOWS\System32\PSAPI.DLL
0x00007ff863670000 - 0x00007ff863679000 	C:\WINDOWS\SYSTEM32\WSOCK32.dll
0x00007ff8644f0000 - 0x00007ff864517000 	C:\WINDOWS\SYSTEM32\WINMM.dll
0x00007ff8736c0000 - 0x00007ff8736ca000 	C:\WINDOWS\SYSTEM32\VERSION.dll
0x00007ff87cc10000 - 0x00007ff87cc7b000 	C:\WINDOWS\System32\WS2_32.dll
0x00007ff8782f0000 - 0x00007ff878302000 	C:\WINDOWS\SYSTEM32\kernel.appcore.dll
0x00007ff875db0000 - 0x00007ff875dc1000 	C:\Program Files\Android\Android Studio1\jre\bin\verify.dll
0x00007ff86b6b0000 - 0x00007ff86b894000 	C:\WINDOWS\SYSTEM32\DBGHELP.DLL
0x00007ff86b420000 - 0x00007ff86b44c000 	C:\WINDOWS\SYSTEM32\dbgcore.DLL
0x00007ff87ace0000 - 0x00007ff87ad62000 	C:\WINDOWS\System32\bcryptPrimitives.dll
0x00007ff86bc00000 - 0x00007ff86bc29000 	C:\Program Files\Android\Android Studio1\jre\bin\java.dll
0x00007ff876260000 - 0x00007ff87626b000 	C:\Program Files\Android\Android Studio1\jre\bin\jimage.dll
0x00007ff86b9d0000 - 0x00007ff86b9e8000 	C:\Program Files\Android\Android Studio1\jre\bin\zip.dll
0x00007ff87bae0000 - 0x00007ff87c224000 	C:\WINDOWS\System32\SHELL32.dll
0x00007ff8784f0000 - 0x00007ff878c85000 	C:\WINDOWS\SYSTEM32\windows.storage.dll
0x00007ff87c720000 - 0x00007ff87ca75000 	C:\WINDOWS\System32\combase.dll
0x00007ff879e90000 - 0x00007ff879ebe000 	C:\WINDOWS\SYSTEM32\Wldp.dll
0x00007ff87c650000 - 0x00007ff87c6fd000 	C:\WINDOWS\System32\SHCORE.dll
0x00007ff87c3c0000 - 0x00007ff87c415000 	C:\WINDOWS\System32\shlwapi.dll
0x00007ff87a380000 - 0x00007ff87a39f000 	C:\WINDOWS\SYSTEM32\profapi.dll
0x00007ff86b8d0000 - 0x00007ff86b8ea000 	C:\Program Files\Android\Android Studio1\jre\bin\net.dll
0x00007ff86cce0000 - 0x00007ff86cdec000 	C:\WINDOWS\SYSTEM32\WINHTTP.dll
0x00007ff879ba0000 - 0x00007ff879c0a000 	C:\WINDOWS\system32\mswsock.dll
0x00007ff86b690000 - 0x00007ff86b6a4000 	C:\Program Files\Android\Android Studio1\jre\bin\nio.dll
0x00007ff83ed30000 - 0x00007ff83ed57000 	C:\Users\andre\.gradle\native\e1d6ef7f7dcc3fd88c89a11ec53ec762bb8ba0a96d01ffa2cd45eb1d1d8dd5c5\windows-amd64\native-platform.dll
0x00007ff82cf80000 - 0x00007ff82d0c4000 	C:\Users\andre\.gradle\native\5664cfc778a61ccfe75a443a1ab52a65af34e5dc3c78e0209fed803814484fcb\windows-amd64\native-platform-file-events.dll
0x00007ff86bbf0000 - 0x00007ff86bbfa000 	C:\Program Files\Android\Android Studio1\jre\bin\management.dll
0x00007ff86b9c0000 - 0x00007ff86b9cd000 	C:\Program Files\Android\Android Studio1\jre\bin\management_ext.dll
0x00007ff879d70000 - 0x00007ff879d88000 	C:\WINDOWS\SYSTEM32\CRYPTSP.dll
0x00007ff8794c0000 - 0x00007ff8794f4000 	C:\WINDOWS\system32\rsaenh.dll
0x00007ff87ac60000 - 0x00007ff87ac87000 	C:\WINDOWS\System32\bcrypt.dll
0x00007ff87a300000 - 0x00007ff87a32e000 	C:\WINDOWS\SYSTEM32\USERENV.dll
0x00007ff879d60000 - 0x00007ff879d6c000 	C:\WINDOWS\SYSTEM32\CRYPTBASE.dll
0x00007ff879850000 - 0x00007ff87988b000 	C:\WINDOWS\SYSTEM32\IPHLPAPI.DLL
0x00007ff87cc80000 - 0x00007ff87cc88000 	C:\WINDOWS\System32\NSI.dll
0x00007ff872430000 - 0x00007ff872447000 	C:\WINDOWS\SYSTEM32\dhcpcsvc6.DLL
0x00007ff873250000 - 0x00007ff87326d000 	C:\WINDOWS\SYSTEM32\dhcpcsvc.DLL
0x00007ff8798a0000 - 0x00007ff87996b000 	C:\WINDOWS\SYSTEM32\DNSAPI.dll

dbghelp: loaded successfully - version: 4.0.5 - missing functions: none
symbol engine: initialized successfully - sym options: 0x614 - pdb path: .;C:\Program Files\Android\Android Studio1\jre\bin;C:\WINDOWS\SYSTEM32;C:\Program Files\AVG\Antivirus;C:\WINDOWS\WinSxS\amd64_microsoft.windows.common-controls_6595b64144ccf1df_6.0.19041.1110_none_60b5254171f9507e;C:\Program Files\Android\Android Studio1\jre\bin\server;C:\Users\andre\.gradle\native\e1d6ef7f7dcc3fd88c89a11ec53ec762bb8ba0a96d01ffa2cd45eb1d1d8dd5c5\windows-amd64;C:\Users\andre\.gradle\native\5664cfc778a61ccfe75a443a1ab52a65af34e5dc3c78e0209fed803814484fcb\windows-amd64

VM Arguments:
jvm_args: --add-opens=java.base/java.util=ALL-UNNAMED --add-opens=java.base/java.lang=ALL-UNNAMED --add-opens=java.base/java.lang.invoke=ALL-UNNAMED --add-opens=java.base/java.util=ALL-UNNAMED --add-opens=java.prefs/java.util.prefs=ALL-UNNAMED --add-opens=java.prefs/java.util.prefs=ALL-UNNAMED --add-opens=java.base/java.nio.charset=ALL-UNNAMED --add-opens=java.base/java.net=ALL-UNNAMED --add-opens=java.base/java.util.concurrent.atomic=ALL-UNNAMED -Xmx2048m -Dfile.encoding=UTF-8 -Duser.country=US -Duser.language=en -Duser.variant 
java_command: org.gradle.launcher.daemon.bootstrap.GradleDaemon 7.2
java_class_path (initial): C:\Users\andre\.gradle\wrapper\dists\gradle-7.2-bin\2dnblmf4td7x66yl1d74lt32g\gradle-7.2\lib\gradle-launcher-7.2.jar
Launcher Type: SUN_STANDARD

[Global flags]
     intx CICompilerCount                          = 4                                         {product} {ergonomic}
     uint ConcGCThreads                            = 2                                         {product} {ergonomic}
     uint G1ConcRefinementThreads                  = 8                                         {product} {ergonomic}
   size_t G1HeapRegionSize                         = 1048576                                   {product} {ergonomic}
    uintx GCDrainStackTargetSize                   = 64                                        {product} {ergonomic}
   size_t InitialHeapSize                          = 65011712                                  {product} {ergonomic}
   size_t MarkStackSize                            = 4194304                                   {product} {ergonomic}
   size_t MaxHeapSize                              = 2147483648                                {product} {command line}
   size_t MaxNewSize                               = 1287651328                                {product} {ergonomic}
   size_t MinHeapDeltaBytes                        = 1048576                                   {product} {ergonomic}
    uintx NonNMethodCodeHeapSize                   = 5836300                                {pd product} {ergonomic}
    uintx NonProfiledCodeHeapSize                  = 122910970                              {pd product} {ergonomic}
    uintx ProfiledCodeHeapSize                     = 122910970                              {pd product} {ergonomic}
    uintx ReservedCodeCacheSize                    = 251658240                              {pd product} {ergonomic}
     bool SegmentedCodeCache                       = true                                      {product} {ergonomic}
     bool UseCompressedClassPointers               = true                                 {lp64_product} {ergonomic}
     bool UseCompressedOops                        = true                                 {lp64_product} {ergonomic}
     bool UseG1GC                                  = true                                      {product} {ergonomic}
     bool UseLargePagesIndividualAllocation        = false                                  {pd product} {ergonomic}

Logging:
Log output configuration:
 #0: stdout all=warning uptime,level,tags
 #1: stderr all=off uptime,level,tags

Environment Variables:
PATH=C:\Program Files\Python310\Scripts\;C:\Program Files\Python310\;C:\app\oracle\product\11.2.0\server\bin;C:\ProgramData\Oracle\Java\javapath;C:\oraclexe\app\oracle\product\11.2.0\server\bin;C:\Windows\system32;C:\Windows;C:\Windows\System32\Wbem;C:\Windows\System32\WindowsPowerShell\v1.0\;C:\Windows\System32\OpenSSH\;C:\Program Files (x86)\NVIDIA Corporation\PhysX\Common;C:\Program Files\NVIDIA Corporation\NVIDIA NvDLISR;C:\Program Files\Intel\WiFi\bin\;C:\Program Files\Common Files\Intel\WirelessCommon\;C:\WINDOWS\system32;C:\WINDOWS;C:\WINDOWS\System32\Wbem;C:\WINDOWS\System32\WindowsPowerShell\v1.0\;C:\WINDOWS\System32\OpenSSH\;C:\Program Files\dotnet\;C:\Program Files\nodejs\;C:\Program Files\PuTTY\;C:\Program Files (x86)\Microsoft SQL Server\150\DTS\Binn\;C:\Program Files\Azure Data Studio\bin;C:\Program Files\Microsoft SQL Server\130\Tools\Binn\;C:\Program Files\Microsoft SQL Server\Client SDK\ODBC\170\Tools\Binn\;C:\Program Files\Docker\Docker\resources\bin;C:\ProgramData\DockerDesktop\version-bin;C:\Program Files\Git\cmd;C:\Program Files\Microsoft SQL Server\150\Tools\Binn\;C:\sqlite;C:\Program Files (x86)\dotnet\;C:\Users\andre\AppData\Local\Microsoft\WindowsApps;C:\Users\andre\AppData\Local\Programs\Microsoft VS Code\bin;C:\Users\andre\.dotnet\tools;C:\Program Files\Java\jdk-14.0.1;C:\Users\andre\AppData\Roaming\npm;C:\Program Files\Azure Data Studio\bin;C:\src\flutter\bin;C:\Users\andre\flutter\bin;C:\sqlite;
USERNAME=andre
OS=Windows_NT
PROCESSOR_IDENTIFIER=Intel64 Family 6 Model 158 Stepping 10, GenuineIntel



---------------  S Y S T E M  ---------------

OS: Windows 10 , 64 bit Build 19041 (10.0.19041.1466)
OS uptime: 3 days 12:33 hours
Hyper-V role detected

CPU:total 8 (initial active 8) (4 cores per cpu, 2 threads per core) family 6 model 158 stepping 10 microcode 0xb4, cmov, cx8, fxsr, mmx, sse, sse2, sse3, ssse3, sse4.1, sse4.2, popcnt, avx, avx2, aes, clmul, erms, 3dnowpref, lzcnt, ht, tsc, tscinvbit, bmi1, bmi2, adx, fma

Memory: 4k page, system-wide physical 3943M (135M free)
TotalPageFile size 16231M (AvailPageFile size 0M)
current process WorkingSet (physical memory assigned to process): 195M, peak: 213M
current process commit charge ("private bytes"): 292M, peak: 292M

vm_info: OpenJDK 64-Bit Server VM (11.0.11+9-b60-7590822) for windows-amd64 JRE (11.0.11+9-b60-7590822), built on Jul 29 2021 21:43:44 by "builder" with MS VC++ 14.0 (VS2015)

END.
